\BOOKMARK [1][-]{section.1}{Wprowadzenie}{}% 1
\BOOKMARK [2][-]{subsection.1.1}{Cel i zakres pracy}{section.1}% 2
\BOOKMARK [1][-]{section.2}{Technologie wykorzystane w aplikacji}{}% 3
\BOOKMARK [2][-]{subsection.2.1}{JavaScript}{section.2}% 4
\BOOKMARK [3][-]{subsubsection.2.1.1}{React}{subsection.2.1}% 5
\BOOKMARK [3][-]{subsubsection.2.1.2}{Node.js}{subsection.2.1}% 6
\BOOKMARK [2][-]{subsection.2.2}{GraphQL}{section.2}% 7
\BOOKMARK [2][-]{subsection.2.3}{MongoDB}{section.2}% 8
\BOOKMARK [2][-]{subsection.2.4}{DeepL}{section.2}% 9
\BOOKMARK [1][-]{section.3}{Zagrozenia bezpieczenstwa}{}% 10
\BOOKMARK [2][-]{subsection.3.1}{SQL Injection}{section.3}% 11
\BOOKMARK [3][-]{subsubsection.3.1.1}{Opis}{subsection.3.1}% 12
\BOOKMARK [3][-]{subsubsection.3.1.2}{Implementacja}{subsection.3.1}% 13
\BOOKMARK [2][-]{subsection.3.2}{Blokada us\233ug}{section.3}% 14
\BOOKMARK [2][-]{subsection.3.3}{Phishing}{section.3}% 15
\BOOKMARK [2][-]{subsection.3.4}{Ransomware}{section.3}% 16
\BOOKMARK [2][-]{subsection.3.5}{Podatnosc XSS}{section.3}% 17
\BOOKMARK [2][-]{subsection.3.6}{Keylogger}{section.3}% 18
\BOOKMARK [2][-]{subsection.3.7}{CSRF}{section.3}% 19
\BOOKMARK [1][-]{section.4}{Podsumowanie i wnioski koncowe}{}% 20
\BOOKMARK [1][-]{section.4}{Literatura}{}% 21
