\BOOKMARK [1][-]{section.1}{Wprowadzenie}{}% 1
\BOOKMARK [2][-]{subsection.1.1}{Cel i zakres pracy}{section.1}% 2
\BOOKMARK [1][-]{section.2}{Technologie wykorzystane w aplikacji}{}% 3
\BOOKMARK [2][-]{subsection.2.1}{Javascript}{section.2}% 4
\BOOKMARK [3][-]{subsubsection.2.1.1}{React.js}{subsection.2.1}% 5
\BOOKMARK [3][-]{subsubsection.2.1.2}{Node.js}{subsection.2.1}% 6
\BOOKMARK [2][-]{subsection.2.2}{GraphQL}{section.2}% 7
\BOOKMARK [2][-]{subsection.2.3}{MongoDB}{section.2}% 8
\BOOKMARK [1][-]{section.3}{Zagrozenia bezpieczenstwa}{}% 9
\BOOKMARK [2][-]{subsection.3.1}{Phishing - opis}{section.3}% 10
\BOOKMARK [2][-]{subsection.3.2}{Phishing - przyk\233ad implementacji}{section.3}% 11
\BOOKMARK [2][-]{subsection.3.3}{Ransomware - opis}{section.3}% 12
\BOOKMARK [2][-]{subsection.3.4}{Ransomware - przyk\233ad implementacji}{section.3}% 13
\BOOKMARK [2][-]{subsection.3.5}{Keylogger - opis}{section.3}% 14
\BOOKMARK [2][-]{subsection.3.6}{Keylogger - przyk\233ad implementacji}{section.3}% 15
\BOOKMARK [2][-]{subsection.3.7}{Wstrzykniecie SQL - opis}{section.3}% 16
\BOOKMARK [2][-]{subsection.3.8}{Wstrzykniecie SQL - przyk\233ad implementacji}{section.3}% 17
\BOOKMARK [2][-]{subsection.3.9}{DDOS - opis}{section.3}% 18
\BOOKMARK [2][-]{subsection.3.10}{DDOS - przyk\233ad implementacji}{section.3}% 19
\BOOKMARK [2][-]{subsection.3.11}{Ataki XSS - opis}{section.3}% 20
\BOOKMARK [2][-]{subsection.3.12}{Ataki XSS - przyk\233ad implementacji}{section.3}% 21
\BOOKMARK [2][-]{subsection.3.13}{Path Traversal - opis}{section.3}% 22
\BOOKMARK [2][-]{subsection.3.14}{Path Traversal - przyk\233ad implementacji}{section.3}% 23
\BOOKMARK [2][-]{subsection.3.15}{Spoofing - opis}{section.3}% 24
\BOOKMARK [2][-]{subsection.3.16}{Spoofing - przyk\233ad implementacji}{section.3}% 25
\BOOKMARK [1][-]{section.4}{Podsumowanie i wnioski koncowe}{}% 26
\BOOKMARK [1][-]{section.4}{Literatura}{}% 27
